2024-09-23 14:15:05,196 - INFO - Program EduMonitor został uruchomiony.
2024-09-23 14:15:05,196 - INFO - Rozpoczęto wczytywanie pliku CSV: szkolenia.csv
2024-09-23 14:15:05,196 - INFO - Plik szkolenia.csv wczytano poprawnie. Liczba wierszy: 64
2024-09-23 14:15:05,196 - WARNING - Niepoprawny wiersz, zbyt mało kolumn lub brak nazwiska: ['', '', '', '', '', '', '', 'nazwa', 'okres', 'ocena', 'uwagi', '', '']
2024-09-23 14:15:05,212 - WARNING - Niepoprawny wiersz, zbyt mało kolumn lub brak nazwiska: ['01.sty', '', '', '', '', '', '', '', '', '', '', '', '']
2024-09-23 14:15:05,212 - WARNING - Niepoprawny wiersz, zbyt mało kolumn lub brak nazwiska: ['', '', '', '', '', '', '', '', '', '', '', '© System 2024, wersja 1.0.0', '']
2024-09-23 14:15:05,212 - WARNING - Niepoprawny wiersz, zbyt mało kolumn lub brak nazwiska: ['', '', '', '', '', '', '', '', '', '', '', '', '01.sty']
2024-09-23 14:15:05,212 - INFO - Zakończono filtrowanie danych. Wczytano 53 poprawnych pracowników, odrzucono 0 wierszy.
2024-09-23 14:15:05,212 - INFO - Rozpoczęto pobieranie danych z URL.
2024-09-23 14:15:05,447 - INFO - Pobrano 281 rekordów pracowników z bazy danych.
2024-09-23 14:15:05,463 - WARNING - Pracownik 'OSOBA1' nie został znaleziony w bazie danych.
2024-09-23 14:15:05,463 - WARNING - Pracownik 'OSOBA2' nie został znaleziony w bazie danych.
2024-09-23 14:15:05,463 - WARNING - Pracownik 'OSOBA3' nie został znaleziony w bazie danych.
2024-09-23 14:15:05,463 - WARNING - Pracownik 'OSOBA4' nie został znaleziony w bazie danych.
2024-09-23 14:15:05,463 - INFO - Znaleziono 0 osób w kadrze zarządzającej, 0 osób w kadrze kierowniczej, oraz 53 pracowników.
2024-09-23 14:15:05,485 - INFO - Wyświetlono 35 pracowników dla grupy 'Pracownicy - Aktualne szkolenie'
2024-09-23 14:15:05,489 - INFO - Wyświetlono 18 pracowników dla grupy 'Pracownicy - Szkolenie wygaśnie w ciągu 30 dni lub już wygasło'
2024-09-23 14:15:05,491 - INFO - Ścieżka katalogu wyjściowego: output/lists/
2024-09-23 14:15:05,491 - INFO - Lista pracowników dla grupy 'Kadra Zarządzająca' jest pusta. Nie generuję pliku HTML.
2024-09-23 14:15:05,492 - INFO - Ścieżka katalogu wyjściowego: output/lists/
2024-09-23 14:15:05,492 - INFO - Lista pracowników dla grupy 'Kadra Kierownicza' jest pusta. Nie generuję pliku HTML.
2024-09-23 14:15:05,492 - INFO - Ścieżka katalogu wyjściowego: output/lists/
2024-09-23 14:15:05,497 - INFO - Utworzono plik HTML: 'output/lists/pracownicy_lista_na_szkolenie.html'
2024-09-23 14:15:05,501 - INFO - Program EduMonitor został zakończony.
